\\fileserver\transfer\zurab.khadikov\zura arbeit\mdscpp\release\mdscpp.exe
\\fileserver\transfer\zurab.khadikov\zura arbeit\mdscpp\mdscpp\release\vc120.pdb
\\fileserver\transfer\zurab.khadikov\zura arbeit\mdscpp\mdscpp\release\idcdimension.obj
\\fileserver\transfer\zurab.khadikov\zura arbeit\mdscpp\mdscpp\release\counters.obj
\\fileserver\transfer\zurab.khadikov\zura arbeit\mdscpp\mdscpp\release\variablesrps.obj
\\fileserver\transfer\zurab.khadikov\zura arbeit\mdscpp\mdscpp\release\variablesddc.obj
\\fileserver\transfer\zurab.khadikov\zura arbeit\mdscpp\mdscpp\release\variablelps.obj
\\fileserver\transfer\zurab.khadikov\zura arbeit\mdscpp\mdscpp\release\srps.obj
\\fileserver\transfer\zurab.khadikov\zura arbeit\mdscpp\mdscpp\release\palomain.obj
\\fileserver\transfer\zurab.khadikov\zura arbeit\mdscpp\mdscpp\release\lps.obj
\\fileserver\transfer\zurab.khadikov\zura arbeit\mdscpp\mdscpp\release\fileparser.obj
\\fileserver\transfer\zurab.khadikov\zura arbeit\mdscpp\mdscpp\release\idc.obj
\\fileserver\transfer\zurab.khadikov\zura arbeit\mdscpp\mdscpp\release\mdscpp.exe.intermediate.manifest
\\fileserver\transfer\zurab.khadikov\zura arbeit\mdscpp\mdscpp\release\vc90.idb
\\fileserver\transfer\zurab.khadikov\zura arbeit\mdscpp\mdscpp\release\vc90.pdb
\\fileserver\transfer\zurab.khadikov\zura arbeit\mdscpp\mdscpp\release\mdscpp.tlog\link.write.1.tlog
\\fileserver\transfer\zurab.khadikov\zura arbeit\mdscpp\mdscpp\release\mdscpp.tlog\cl.write.1.tlog
\\fileserver\transfer\zurab.khadikov\zura arbeit\mdscpp\mdscpp\release\mdscpp.tlog\cl.read.1.tlog
\\fileserver\transfer\zurab.khadikov\zura arbeit\mdscpp\mdscpp\release\mdscpp.tlog\link.command.1.tlog
\\fileserver\transfer\zurab.khadikov\zura arbeit\mdscpp\mdscpp\release\mdscpp.tlog\cl.command.1.tlog
\\fileserver\transfer\zurab.khadikov\zura arbeit\mdscpp\mdscpp\release\mdscpp.tlog\link.read.1.tlog
